<?xml version="1.0" encoding="UTF-8" ?>
<testsuite failures="0" time="0.028" errors="0" skipped="0" tests="1" name="soma.esper.AppTest">
  <properties>
    <property name="java.runtime.name" value="Java(TM) SE Runtime Environment"/>
    <property name="sun.boot.library.path" value="/System/Library/Java/JavaVirtualMachines/1.6.0.jdk/Contents/Libraries"/>
    <property name="java.vm.version" value="20.10-b01-428"/>
    <property name="awt.nativeDoubleBuffering" value="true"/>
    <property name="gopherProxySet" value="false"/>
    <property name="mrj.build" value="11M3811"/>
    <property name="java.vm.vendor" value="Apple Inc."/>
    <property name="java.vendor.url" value="http://www.apple.com/"/>
    <property name="path.separator" value=":"/>
    <property name="java.vm.name" value="Java HotSpot(TM) 64-Bit Server VM"/>
    <property name="file.encoding.pkg" value="sun.io"/>
    <property name="user.country" value="KR"/>
    <property name="sun.java.launcher" value="SUN_STANDARD"/>
    <property name="sun.os.patch.level" value="unknown"/>
    <property name="java.vm.specification.name" value="Java Virtual Machine Specification"/>
    <property name="user.dir" value="/Users/Ryun/Develop/esper"/>
    <property name="java.runtime.version" value="1.6.0_35-b10-428-11M3811"/>
    <property name="java.awt.graphicsenv" value="apple.awt.CGraphicsEnvironment"/>
    <property name="basedir" value="/Users/Ryun/Develop/esper"/>
    <property name="java.endorsed.dirs" value="/System/Library/Java/JavaVirtualMachines/1.6.0.jdk/Contents/Home/lib/endorsed"/>
    <property name="os.arch" value="x86_64"/>
    <property name="surefire.real.class.path" value="/Users/Ryun/Develop/esper/target/surefire/surefirebooter7022154406667602370.jar"/>
    <property name="java.io.tmpdir" value="/var/folders/6l/7bsdqfkn43l5_7sv80k7sdwc0000gn/T/"/>
    <property name="line.separator" value="
"/>
    <property name="java.vm.specification.vendor" value="Sun Microsystems Inc."/>
    <property name="os.name" value="Mac OS X"/>
    <property name="sun.jnu.encoding" value="EUC_KR"/>
    <property name="java.library.path" value=".:/Library/Java/Extensions:/System/Library/Java/Extensions:/usr/lib/java"/>
    <property name="surefire.test.class.path" value="/Users/Ryun/Develop/esper/target/test-classes:/Users/Ryun/Develop/esper/target/classes:/Users/Ryun/.m2/repository/junit/junit/4.10/junit-4.10.jar:/Users/Ryun/.m2/repository/org/hamcrest/hamcrest-core/1.1/hamcrest-core-1.1.jar:/Users/Ryun/.m2/repository/com/espertech/esper/4.6.0/esper-4.6.0.jar:/Users/Ryun/.m2/repository/log4j/log4j/1.2.16/log4j-1.2.16.jar:/Users/Ryun/.m2/repository/commons-logging/commons-logging/1.1.1/commons-logging-1.1.1.jar:/Users/Ryun/.m2/repository/org/antlr/antlr-runtime/3.2/antlr-runtime-3.2.jar:/Users/Ryun/.m2/repository/org/antlr/stringtemplate/3.2/stringtemplate-3.2.jar:/Users/Ryun/.m2/repository/antlr/antlr/2.7.7/antlr-2.7.7.jar:/Users/Ryun/.m2/repository/cglib/cglib-nodep/2.2/cglib-nodep-2.2.jar:/Users/Ryun/.m2/repository/org/opencredo/esper/simple-esper-si-sample/2.0/simple-esper-si-sample-2.0.jar:/Users/Ryun/.m2/repository/org/opencredo/esper/esper-si-support/2.0/esper-si-support-2.0.jar:/Users/Ryun/.m2/repository/org/opencredo/esper/esper-template/2.0/esper-template-2.0.jar:/Users/Ryun/.m2/repository/org/springframework/integration/spring-integration-core/1.0.3.RELEASE/spring-integration-core-1.0.3.RELEASE.jar:/Users/Ryun/.m2/repository/org/springframework/spring-aop/2.5.6/spring-aop-2.5.6.jar:/Users/Ryun/.m2/repository/aopalliance/aopalliance/1.0/aopalliance-1.0.jar:/Users/Ryun/.m2/repository/org/springframework/spring-beans/2.5.6/spring-beans-2.5.6.jar:/Users/Ryun/.m2/repository/org/springframework/spring-core/2.5.6/spring-core-2.5.6.jar:/Users/Ryun/.m2/repository/org/springframework/spring-context/2.5.6/spring-context-2.5.6.jar:/Users/Ryun/.m2/repository/org/springframework/spring-tx/2.5.6/spring-tx-2.5.6.jar:/Users/Ryun/.m2/repository/org/springframework/spring/2.5.6.SEC01/spring-2.5.6.SEC01.jar:/Users/Ryun/.m2/repository/org/slf4j/slf4j-api/1.5.9.RC1/slf4j-api-1.5.9.RC1.jar:/Users/Ryun/.m2/repository/org/slf4j/slf4j-log4j12/1.5.9.RC1/slf4j-log4j12-1.5.9.RC1.jar:/Users/Ryun/.m2/repository/org/json/json/20090211/json-20090211.jar:"/>
    <property name="java.specification.name" value="Java Platform API Specification"/>
    <property name="java.class.version" value="50.0"/>
    <property name="sun.management.compiler" value="HotSpot 64-Bit Tiered Compilers"/>
    <property name="os.version" value="10.8.1"/>
    <property name="http.nonProxyHosts" value="local|*.local|169.254/16|*.169.254/16"/>
    <property name="user.home" value="/Users/Ryun"/>
    <property name="user.timezone" value=""/>
    <property name="java.awt.printerjob" value="apple.awt.CPrinterJob"/>
    <property name="java.specification.version" value="1.6"/>
    <property name="file.encoding" value="EUC_KR"/>
    <property name="user.name" value="Ryun"/>
    <property name="java.class.path" value="/Users/Ryun/Develop/esper/target/test-classes:/Users/Ryun/Develop/esper/target/classes:/Users/Ryun/.m2/repository/junit/junit/4.10/junit-4.10.jar:/Users/Ryun/.m2/repository/org/hamcrest/hamcrest-core/1.1/hamcrest-core-1.1.jar:/Users/Ryun/.m2/repository/com/espertech/esper/4.6.0/esper-4.6.0.jar:/Users/Ryun/.m2/repository/log4j/log4j/1.2.16/log4j-1.2.16.jar:/Users/Ryun/.m2/repository/commons-logging/commons-logging/1.1.1/commons-logging-1.1.1.jar:/Users/Ryun/.m2/repository/org/antlr/antlr-runtime/3.2/antlr-runtime-3.2.jar:/Users/Ryun/.m2/repository/org/antlr/stringtemplate/3.2/stringtemplate-3.2.jar:/Users/Ryun/.m2/repository/antlr/antlr/2.7.7/antlr-2.7.7.jar:/Users/Ryun/.m2/repository/cglib/cglib-nodep/2.2/cglib-nodep-2.2.jar:/Users/Ryun/.m2/repository/org/opencredo/esper/simple-esper-si-sample/2.0/simple-esper-si-sample-2.0.jar:/Users/Ryun/.m2/repository/org/opencredo/esper/esper-si-support/2.0/esper-si-support-2.0.jar:/Users/Ryun/.m2/repository/org/opencredo/esper/esper-template/2.0/esper-template-2.0.jar:/Users/Ryun/.m2/repository/org/springframework/integration/spring-integration-core/1.0.3.RELEASE/spring-integration-core-1.0.3.RELEASE.jar:/Users/Ryun/.m2/repository/org/springframework/spring-aop/2.5.6/spring-aop-2.5.6.jar:/Users/Ryun/.m2/repository/aopalliance/aopalliance/1.0/aopalliance-1.0.jar:/Users/Ryun/.m2/repository/org/springframework/spring-beans/2.5.6/spring-beans-2.5.6.jar:/Users/Ryun/.m2/repository/org/springframework/spring-core/2.5.6/spring-core-2.5.6.jar:/Users/Ryun/.m2/repository/org/springframework/spring-context/2.5.6/spring-context-2.5.6.jar:/Users/Ryun/.m2/repository/org/springframework/spring-tx/2.5.6/spring-tx-2.5.6.jar:/Users/Ryun/.m2/repository/org/springframework/spring/2.5.6.SEC01/spring-2.5.6.SEC01.jar:/Users/Ryun/.m2/repository/org/slf4j/slf4j-api/1.5.9.RC1/slf4j-api-1.5.9.RC1.jar:/Users/Ryun/.m2/repository/org/slf4j/slf4j-log4j12/1.5.9.RC1/slf4j-log4j12-1.5.9.RC1.jar:/Users/Ryun/.m2/repository/org/json/json/20090211/json-20090211.jar:"/>
    <property name="java.vm.specification.version" value="1.0"/>
    <property name="sun.arch.data.model" value="64"/>
    <property name="java.home" value="/System/Library/Java/JavaVirtualMachines/1.6.0.jdk/Contents/Home"/>
    <property name="sun.java.command" value="/Users/Ryun/Develop/esper/target/surefire/surefirebooter7022154406667602370.jar /Users/Ryun/Develop/esper/target/surefire/surefire6564089798951172681tmp /Users/Ryun/Develop/esper/target/surefire/surefire8208005723293535123tmp"/>
    <property name="java.specification.vendor" value="Sun Microsystems Inc."/>
    <property name="user.language" value="ko"/>
    <property name="awt.toolkit" value="apple.awt.CToolkit"/>
    <property name="java.vm.info" value="mixed mode"/>
    <property name="java.version" value="1.6.0_35"/>
    <property name="java.ext.dirs" value="/Library/Java/Extensions:/System/Library/Java/Extensions:/System/Library/Java/JavaVirtualMachines/1.6.0.jdk/Contents/Home/lib/ext"/>
    <property name="sun.boot.class.path" value="/System/Library/Java/JavaVirtualMachines/1.6.0.jdk/Contents/Classes/jsfd.jar:/System/Library/Java/JavaVirtualMachines/1.6.0.jdk/Contents/Classes/classes.jar:/System/Library/Frameworks/JavaVM.framework/Frameworks/JavaRuntimeSupport.framework/Resources/Java/JavaRuntimeSupport.jar:/System/Library/Java/JavaVirtualMachines/1.6.0.jdk/Contents/Classes/ui.jar:/System/Library/Java/JavaVirtualMachines/1.6.0.jdk/Contents/Classes/laf.jar:/System/Library/Java/JavaVirtualMachines/1.6.0.jdk/Contents/Classes/sunrsasign.jar:/System/Library/Java/JavaVirtualMachines/1.6.0.jdk/Contents/Classes/jsse.jar:/System/Library/Java/JavaVirtualMachines/1.6.0.jdk/Contents/Classes/jce.jar:/System/Library/Java/JavaVirtualMachines/1.6.0.jdk/Contents/Classes/charsets.jar"/>
    <property name="java.vendor" value="Apple Inc."/>
    <property name="localRepository" value="/Users/Ryun/.m2/repository"/>
    <property name="file.separator" value="/"/>
    <property name="java.vendor.url.bug" value="http://bugreport.apple.com/"/>
    <property name="sun.cpu.endian" value="little"/>
    <property name="sun.io.unicode.encoding" value="UnicodeLittle"/>
    <property name="mrj.version" value="1070.1.6.0_35-428"/>
    <property name="socksNonProxyHosts" value="local|*.local|169.254/16|*.169.254/16"/>
    <property name="ftp.nonProxyHosts" value="local|*.local|169.254/16|*.169.254/16"/>
    <property name="sun.cpu.isalist" value=""/>
  </properties>
  <testcase time="0.002" classname="soma.esper.AppTest" name="testApp"/>
</testsuite>